<?xml version="1.0" encoding="UTF-8"?>
<testsuite xmlns:xsi="http://www.w3.org/2001/XMLSchema-instance" xsi:noNamespaceSchemaLocation="https://maven.apache.org/surefire/maven-surefire-plugin/xsd/surefire-test-report-3.0.xsd" version="3.0" name="com.example.securerise.dto.AlarmDTOTest" time="0.051" tests="12" errors="0" skipped="0" failures="0">
  <properties>
    <property name="java.specification.version" value="17"/>
    <property name="sun.jnu.encoding" value="UTF-8"/>
    <property name="java.class.path" value="/Users/erastojrdamian/Desktop/Secure-Rise/SecureRise/target/test-classes:/Users/erastojrdamian/Desktop/Secure-Rise/SecureRise/target/classes:/Users/erastojrdamian/.m2/repository/org/springframework/boot/spring-boot-starter-data-jpa/3.1.2/spring-boot-starter-data-jpa-3.1.2.jar:/Users/erastojrdamian/.m2/repository/org/springframework/boot/spring-boot-starter-aop/3.1.2/spring-boot-starter-aop-3.1.2.jar:/Users/erastojrdamian/.m2/repository/org/aspectj/aspectjweaver/1.9.19/aspectjweaver-1.9.19.jar:/Users/erastojrdamian/.m2/repository/org/springframework/boot/spring-boot-starter-jdbc/3.1.2/spring-boot-starter-jdbc-3.1.2.jar:/Users/erastojrdamian/.m2/repository/com/zaxxer/HikariCP/5.0.1/HikariCP-5.0.1.jar:/Users/erastojrdamian/.m2/repository/org/springframework/spring-jdbc/6.0.11/spring-jdbc-6.0.11.jar:/Users/erastojrdamian/.m2/repository/org/hibernate/orm/hibernate-core/6.2.6.Final/hibernate-core-6.2.6.Final.jar:/Users/erastojrdamian/.m2/repository/jakarta/persistence/jakarta.persistence-api/3.1.0/jakarta.persistence-api-3.1.0.jar:/Users/erastojrdamian/.m2/repository/jakarta/transaction/jakarta.transaction-api/2.0.1/jakarta.transaction-api-2.0.1.jar:/Users/erastojrdamian/.m2/repository/org/jboss/logging/jboss-logging/3.5.3.Final/jboss-logging-3.5.3.Final.jar:/Users/erastojrdamian/.m2/repository/org/hibernate/common/hibernate-commons-annotations/6.0.6.Final/hibernate-commons-annotations-6.0.6.Final.jar:/Users/erastojrdamian/.m2/repository/io/smallrye/jandex/3.0.5/jandex-3.0.5.jar:/Users/erastojrdamian/.m2/repository/com/fasterxml/classmate/1.5.1/classmate-1.5.1.jar:/Users/erastojrdamian/.m2/repository/net/bytebuddy/byte-buddy/1.14.5/byte-buddy-1.14.5.jar:/Users/erastojrdamian/.m2/repository/org/glassfish/jaxb/jaxb-runtime/4.0.3/jaxb-runtime-4.0.3.jar:/Users/erastojrdamian/.m2/repository/org/glassfish/jaxb/jaxb-core/4.0.3/jaxb-core-4.0.3.jar:/Users/erastojrdamian/.m2/repository/org/eclipse/angus/angus-activation/2.0.1/angus-activation-2.0.1.jar:/Users/erastojrdamian/.m2/repository/org/glassfish/jaxb/txw2/4.0.3/txw2-4.0.3.jar:/Users/erastojrdamian/.m2/repository/com/sun/istack/istack-commons-runtime/4.1.2/istack-commons-runtime-4.1.2.jar:/Users/erastojrdamian/.m2/repository/jakarta/inject/jakarta.inject-api/2.0.1/jakarta.inject-api-2.0.1.jar:/Users/erastojrdamian/.m2/repository/org/antlr/antlr4-runtime/4.10.1/antlr4-runtime-4.10.1.jar:/Users/erastojrdamian/.m2/repository/org/springframework/data/spring-data-jpa/3.1.2/spring-data-jpa-3.1.2.jar:/Users/erastojrdamian/.m2/repository/org/springframework/data/spring-data-commons/3.1.2/spring-data-commons-3.1.2.jar:/Users/erastojrdamian/.m2/repository/org/springframework/spring-orm/6.0.11/spring-orm-6.0.11.jar:/Users/erastojrdamian/.m2/repository/org/springframework/spring-context/6.0.11/spring-context-6.0.11.jar:/Users/erastojrdamian/.m2/repository/org/springframework/spring-tx/6.0.11/spring-tx-6.0.11.jar:/Users/erastojrdamian/.m2/repository/org/springframework/spring-beans/6.0.11/spring-beans-6.0.11.jar:/Users/erastojrdamian/.m2/repository/jakarta/annotation/jakarta.annotation-api/2.1.1/jakarta.annotation-api-2.1.1.jar:/Users/erastojrdamian/.m2/repository/org/springframework/spring-aspects/6.0.11/spring-aspects-6.0.11.jar:/Users/erastojrdamian/.m2/repository/org/springframework/boot/spring-boot-starter-security/3.1.2/spring-boot-starter-security-3.1.2.jar:/Users/erastojrdamian/.m2/repository/org/springframework/boot/spring-boot-starter/3.1.2/spring-boot-starter-3.1.2.jar:/Users/erastojrdamian/.m2/repository/org/springframework/boot/spring-boot/3.1.2/spring-boot-3.1.2.jar:/Users/erastojrdamian/.m2/repository/org/springframework/boot/spring-boot-autoconfigure/3.1.2/spring-boot-autoconfigure-3.1.2.jar:/Users/erastojrdamian/.m2/repository/org/springframework/boot/spring-boot-starter-logging/3.1.2/spring-boot-starter-logging-3.1.2.jar:/Users/erastojrdamian/.m2/repository/ch/qos/logback/logback-classic/1.4.8/logback-classic-1.4.8.jar:/Users/erastojrdamian/.m2/repository/ch/qos/logback/logback-core/1.4.8/logback-core-1.4.8.jar:/Users/erastojrdamian/.m2/repository/org/apache/logging/log4j/log4j-to-slf4j/2.20.0/log4j-to-slf4j-2.20.0.jar:/Users/erastojrdamian/.m2/repository/org/apache/logging/log4j/log4j-api/2.20.0/log4j-api-2.20.0.jar:/Users/erastojrdamian/.m2/repository/org/slf4j/jul-to-slf4j/2.0.7/jul-to-slf4j-2.0.7.jar:/Users/erastojrdamian/.m2/repository/org/yaml/snakeyaml/1.33/snakeyaml-1.33.jar:/Users/erastojrdamian/.m2/repository/org/springframework/spring-aop/6.0.11/spring-aop-6.0.11.jar:/Users/erastojrdamian/.m2/repository/org/springframework/security/spring-security-config/6.1.2/spring-security-config-6.1.2.jar:/Users/erastojrdamian/.m2/repository/org/springframework/security/spring-security-web/6.1.2/spring-security-web-6.1.2.jar:/Users/erastojrdamian/.m2/repository/org/springframework/spring-expression/6.0.11/spring-expression-6.0.11.jar:/Users/erastojrdamian/.m2/repository/org/springframework/boot/spring-boot-starter-thymeleaf/3.1.2/spring-boot-starter-thymeleaf-3.1.2.jar:/Users/erastojrdamian/.m2/repository/org/thymeleaf/thymeleaf-spring6/3.1.1.RELEASE/thymeleaf-spring6-3.1.1.RELEASE.jar:/Users/erastojrdamian/.m2/repository/org/thymeleaf/thymeleaf/3.1.1.RELEASE/thymeleaf-3.1.1.RELEASE.jar:/Users/erastojrdamian/.m2/repository/org/attoparser/attoparser/2.0.6.RELEASE/attoparser-2.0.6.RELEASE.jar:/Users/erastojrdamian/.m2/repository/org/unbescape/unbescape/1.1.6.RELEASE/unbescape-1.1.6.RELEASE.jar:/Users/erastojrdamian/.m2/repository/org/springframework/boot/spring-boot-starter-web/3.1.2/spring-boot-starter-web-3.1.2.jar:/Users/erastojrdamian/.m2/repository/org/springframework/boot/spring-boot-starter-json/3.1.2/spring-boot-starter-json-3.1.2.jar:/Users/erastojrdamian/.m2/repository/com/fasterxml/jackson/core/jackson-databind/2.15.2/jackson-databind-2.15.2.jar:/Users/erastojrdamian/.m2/repository/com/fasterxml/jackson/core/jackson-annotations/2.15.2/jackson-annotations-2.15.2.jar:/Users/erastojrdamian/.m2/repository/com/fasterxml/jackson/datatype/jackson-datatype-jdk8/2.15.2/jackson-datatype-jdk8-2.15.2.jar:/Users/erastojrdamian/.m2/repository/com/fasterxml/jackson/datatype/jackson-datatype-jsr310/2.15.2/jackson-datatype-jsr310-2.15.2.jar:/Users/erastojrdamian/.m2/repository/com/fasterxml/jackson/module/jackson-module-parameter-names/2.15.2/jackson-module-parameter-names-2.15.2.jar:/Users/erastojrdamian/.m2/repository/org/springframework/boot/spring-boot-starter-tomcat/3.1.2/spring-boot-starter-tomcat-3.1.2.jar:/Users/erastojrdamian/.m2/repository/org/apache/tomcat/embed/tomcat-embed-core/10.1.11/tomcat-embed-core-10.1.11.jar:/Users/erastojrdamian/.m2/repository/org/apache/tomcat/embed/tomcat-embed-websocket/10.1.11/tomcat-embed-websocket-10.1.11.jar:/Users/erastojrdamian/.m2/repository/org/springframework/spring-web/6.0.11/spring-web-6.0.11.jar:/Users/erastojrdamian/.m2/repository/io/micrometer/micrometer-observation/1.11.2/micrometer-observation-1.11.2.jar:/Users/erastojrdamian/.m2/repository/io/micrometer/micrometer-commons/1.11.2/micrometer-commons-1.11.2.jar:/Users/erastojrdamian/.m2/repository/org/springframework/spring-webmvc/6.0.11/spring-webmvc-6.0.11.jar:/Users/erastojrdamian/.m2/repository/org/thymeleaf/extras/thymeleaf-extras-springsecurity6/3.1.1.RELEASE/thymeleaf-extras-springsecurity6-3.1.1.RELEASE.jar:/Users/erastojrdamian/.m2/repository/org/slf4j/slf4j-api/2.0.7/slf4j-api-2.0.7.jar:/Users/erastojrdamian/.m2/repository/com/mysql/mysql-connector-j/8.0.33/mysql-connector-j-8.0.33.jar:/Users/erastojrdamian/.m2/repository/org/projectlombok/lombok/1.18.28/lombok-1.18.28.jar:/Users/erastojrdamian/.m2/repository/org/modelmapper/modelmapper/3.1.1/modelmapper-3.1.1.jar:/Users/erastojrdamian/.m2/repository/com/fasterxml/jackson/core/jackson-core/2.15.2/jackson-core-2.15.2.jar:/Users/erastojrdamian/.m2/repository/org/springframework/boot/spring-boot-starter-test/3.1.2/spring-boot-starter-test-3.1.2.jar:/Users/erastojrdamian/.m2/repository/org/springframework/boot/spring-boot-test/3.1.2/spring-boot-test-3.1.2.jar:/Users/erastojrdamian/.m2/repository/org/springframework/boot/spring-boot-test-autoconfigure/3.1.2/spring-boot-test-autoconfigure-3.1.2.jar:/Users/erastojrdamian/.m2/repository/com/jayway/jsonpath/json-path/2.8.0/json-path-2.8.0.jar:/Users/erastojrdamian/.m2/repository/jakarta/xml/bind/jakarta.xml.bind-api/4.0.0/jakarta.xml.bind-api-4.0.0.jar:/Users/erastojrdamian/.m2/repository/jakarta/activation/jakarta.activation-api/2.1.2/jakarta.activation-api-2.1.2.jar:/Users/erastojrdamian/.m2/repository/net/minidev/json-smart/2.4.11/json-smart-2.4.11.jar:/Users/erastojrdamian/.m2/repository/net/minidev/accessors-smart/2.4.11/accessors-smart-2.4.11.jar:/Users/erastojrdamian/.m2/repository/org/ow2/asm/asm/9.3/asm-9.3.jar:/Users/erastojrdamian/.m2/repository/org/assertj/assertj-core/3.24.2/assertj-core-3.24.2.jar:/Users/erastojrdamian/.m2/repository/org/hamcrest/hamcrest/2.2/hamcrest-2.2.jar:/Users/erastojrdamian/.m2/repository/org/junit/jupiter/junit-jupiter/5.9.3/junit-jupiter-5.9.3.jar:/Users/erastojrdamian/.m2/repository/org/junit/jupiter/junit-jupiter-api/5.9.3/junit-jupiter-api-5.9.3.jar:/Users/erastojrdamian/.m2/repository/org/opentest4j/opentest4j/1.2.0/opentest4j-1.2.0.jar:/Users/erastojrdamian/.m2/repository/org/junit/platform/junit-platform-commons/1.9.3/junit-platform-commons-1.9.3.jar:/Users/erastojrdamian/.m2/repository/org/apiguardian/apiguardian-api/1.1.2/apiguardian-api-1.1.2.jar:/Users/erastojrdamian/.m2/repository/org/junit/jupiter/junit-jupiter-params/5.9.3/junit-jupiter-params-5.9.3.jar:/Users/erastojrdamian/.m2/repository/org/junit/jupiter/junit-jupiter-engine/5.9.3/junit-jupiter-engine-5.9.3.jar:/Users/erastojrdamian/.m2/repository/org/junit/platform/junit-platform-engine/1.9.3/junit-platform-engine-1.9.3.jar:/Users/erastojrdamian/.m2/repository/org/mockito/mockito-core/5.3.1/mockito-core-5.3.1.jar:/Users/erastojrdamian/.m2/repository/net/bytebuddy/byte-buddy-agent/1.14.5/byte-buddy-agent-1.14.5.jar:/Users/erastojrdamian/.m2/repository/org/objenesis/objenesis/3.3/objenesis-3.3.jar:/Users/erastojrdamian/.m2/repository/org/mockito/mockito-junit-jupiter/5.3.1/mockito-junit-jupiter-5.3.1.jar:/Users/erastojrdamian/.m2/repository/org/skyscreamer/jsonassert/1.5.1/jsonassert-1.5.1.jar:/Users/erastojrdamian/.m2/repository/com/vaadin/external/google/android-json/0.0.20131108.vaadin1/android-json-0.0.20131108.vaadin1.jar:/Users/erastojrdamian/.m2/repository/org/springframework/spring-core/6.0.11/spring-core-6.0.11.jar:/Users/erastojrdamian/.m2/repository/org/springframework/spring-jcl/6.0.11/spring-jcl-6.0.11.jar:/Users/erastojrdamian/.m2/repository/org/springframework/spring-test/6.0.11/spring-test-6.0.11.jar:/Users/erastojrdamian/.m2/repository/org/xmlunit/xmlunit-core/2.9.1/xmlunit-core-2.9.1.jar:/Users/erastojrdamian/.m2/repository/org/springframework/security/spring-security-test/6.1.2/spring-security-test-6.1.2.jar:/Users/erastojrdamian/.m2/repository/org/springframework/security/spring-security-core/6.1.2/spring-security-core-6.1.2.jar:/Users/erastojrdamian/.m2/repository/org/springframework/security/spring-security-crypto/6.1.2/spring-security-crypto-6.1.2.jar:/Users/erastojrdamian/.m2/repository/org/springframework/boot/spring-boot-starter-validation/3.1.2/spring-boot-starter-validation-3.1.2.jar:/Users/erastojrdamian/.m2/repository/org/apache/tomcat/embed/tomcat-embed-el/10.1.11/tomcat-embed-el-10.1.11.jar:/Users/erastojrdamian/.m2/repository/org/hibernate/validator/hibernate-validator/8.0.1.Final/hibernate-validator-8.0.1.Final.jar:/Users/erastojrdamian/.m2/repository/jakarta/validation/jakarta.validation-api/3.0.2/jakarta.validation-api-3.0.2.jar:"/>
    <property name="java.vm.vendor" value="JetBrains s.r.o."/>
    <property name="sun.arch.data.model" value="64"/>
    <property name="java.vendor.url" value="https://openjdk.java.net/"/>
    <property name="user.timezone" value="America/Los_Angeles"/>
    <property name="os.name" value="Mac OS X"/>
    <property name="java.vm.specification.version" value="17"/>
    <property name="sun.java.launcher" value="SUN_STANDARD"/>
    <property name="user.country" value="US"/>
    <property name="sun.boot.library.path" value="/Applications/IntelliJ IDEA.app/Contents/jbr/Contents/Home/lib"/>
    <property name="sun.java.command" value="/Users/erastojrdamian/Desktop/Secure-Rise/SecureRise/target/surefire/surefirebooter-20230922120705405_3.jar /Users/erastojrdamian/Desktop/Secure-Rise/SecureRise/target/surefire 2023-09-22T12-07-05_364-jvmRun1 surefire-20230922120705405_1tmp surefire_0-20230922120705405_2tmp"/>
    <property name="http.nonProxyHosts" value="local|*.local|169.254/16|*.169.254/16"/>
    <property name="jdk.debug" value="release"/>
    <property name="surefire.test.class.path" value="/Users/erastojrdamian/Desktop/Secure-Rise/SecureRise/target/test-classes:/Users/erastojrdamian/Desktop/Secure-Rise/SecureRise/target/classes:/Users/erastojrdamian/.m2/repository/org/springframework/boot/spring-boot-starter-data-jpa/3.1.2/spring-boot-starter-data-jpa-3.1.2.jar:/Users/erastojrdamian/.m2/repository/org/springframework/boot/spring-boot-starter-aop/3.1.2/spring-boot-starter-aop-3.1.2.jar:/Users/erastojrdamian/.m2/repository/org/aspectj/aspectjweaver/1.9.19/aspectjweaver-1.9.19.jar:/Users/erastojrdamian/.m2/repository/org/springframework/boot/spring-boot-starter-jdbc/3.1.2/spring-boot-starter-jdbc-3.1.2.jar:/Users/erastojrdamian/.m2/repository/com/zaxxer/HikariCP/5.0.1/HikariCP-5.0.1.jar:/Users/erastojrdamian/.m2/repository/org/springframework/spring-jdbc/6.0.11/spring-jdbc-6.0.11.jar:/Users/erastojrdamian/.m2/repository/org/hibernate/orm/hibernate-core/6.2.6.Final/hibernate-core-6.2.6.Final.jar:/Users/erastojrdamian/.m2/repository/jakarta/persistence/jakarta.persistence-api/3.1.0/jakarta.persistence-api-3.1.0.jar:/Users/erastojrdamian/.m2/repository/jakarta/transaction/jakarta.transaction-api/2.0.1/jakarta.transaction-api-2.0.1.jar:/Users/erastojrdamian/.m2/repository/org/jboss/logging/jboss-logging/3.5.3.Final/jboss-logging-3.5.3.Final.jar:/Users/erastojrdamian/.m2/repository/org/hibernate/common/hibernate-commons-annotations/6.0.6.Final/hibernate-commons-annotations-6.0.6.Final.jar:/Users/erastojrdamian/.m2/repository/io/smallrye/jandex/3.0.5/jandex-3.0.5.jar:/Users/erastojrdamian/.m2/repository/com/fasterxml/classmate/1.5.1/classmate-1.5.1.jar:/Users/erastojrdamian/.m2/repository/net/bytebuddy/byte-buddy/1.14.5/byte-buddy-1.14.5.jar:/Users/erastojrdamian/.m2/repository/org/glassfish/jaxb/jaxb-runtime/4.0.3/jaxb-runtime-4.0.3.jar:/Users/erastojrdamian/.m2/repository/org/glassfish/jaxb/jaxb-core/4.0.3/jaxb-core-4.0.3.jar:/Users/erastojrdamian/.m2/repository/org/eclipse/angus/angus-activation/2.0.1/angus-activation-2.0.1.jar:/Users/erastojrdamian/.m2/repository/org/glassfish/jaxb/txw2/4.0.3/txw2-4.0.3.jar:/Users/erastojrdamian/.m2/repository/com/sun/istack/istack-commons-runtime/4.1.2/istack-commons-runtime-4.1.2.jar:/Users/erastojrdamian/.m2/repository/jakarta/inject/jakarta.inject-api/2.0.1/jakarta.inject-api-2.0.1.jar:/Users/erastojrdamian/.m2/repository/org/antlr/antlr4-runtime/4.10.1/antlr4-runtime-4.10.1.jar:/Users/erastojrdamian/.m2/repository/org/springframework/data/spring-data-jpa/3.1.2/spring-data-jpa-3.1.2.jar:/Users/erastojrdamian/.m2/repository/org/springframework/data/spring-data-commons/3.1.2/spring-data-commons-3.1.2.jar:/Users/erastojrdamian/.m2/repository/org/springframework/spring-orm/6.0.11/spring-orm-6.0.11.jar:/Users/erastojrdamian/.m2/repository/org/springframework/spring-context/6.0.11/spring-context-6.0.11.jar:/Users/erastojrdamian/.m2/repository/org/springframework/spring-tx/6.0.11/spring-tx-6.0.11.jar:/Users/erastojrdamian/.m2/repository/org/springframework/spring-beans/6.0.11/spring-beans-6.0.11.jar:/Users/erastojrdamian/.m2/repository/jakarta/annotation/jakarta.annotation-api/2.1.1/jakarta.annotation-api-2.1.1.jar:/Users/erastojrdamian/.m2/repository/org/springframework/spring-aspects/6.0.11/spring-aspects-6.0.11.jar:/Users/erastojrdamian/.m2/repository/org/springframework/boot/spring-boot-starter-security/3.1.2/spring-boot-starter-security-3.1.2.jar:/Users/erastojrdamian/.m2/repository/org/springframework/boot/spring-boot-starter/3.1.2/spring-boot-starter-3.1.2.jar:/Users/erastojrdamian/.m2/repository/org/springframework/boot/spring-boot/3.1.2/spring-boot-3.1.2.jar:/Users/erastojrdamian/.m2/repository/org/springframework/boot/spring-boot-autoconfigure/3.1.2/spring-boot-autoconfigure-3.1.2.jar:/Users/erastojrdamian/.m2/repository/org/springframework/boot/spring-boot-starter-logging/3.1.2/spring-boot-starter-logging-3.1.2.jar:/Users/erastojrdamian/.m2/repository/ch/qos/logback/logback-classic/1.4.8/logback-classic-1.4.8.jar:/Users/erastojrdamian/.m2/repository/ch/qos/logback/logback-core/1.4.8/logback-core-1.4.8.jar:/Users/erastojrdamian/.m2/repository/org/apache/logging/log4j/log4j-to-slf4j/2.20.0/log4j-to-slf4j-2.20.0.jar:/Users/erastojrdamian/.m2/repository/org/apache/logging/log4j/log4j-api/2.20.0/log4j-api-2.20.0.jar:/Users/erastojrdamian/.m2/repository/org/slf4j/jul-to-slf4j/2.0.7/jul-to-slf4j-2.0.7.jar:/Users/erastojrdamian/.m2/repository/org/yaml/snakeyaml/1.33/snakeyaml-1.33.jar:/Users/erastojrdamian/.m2/repository/org/springframework/spring-aop/6.0.11/spring-aop-6.0.11.jar:/Users/erastojrdamian/.m2/repository/org/springframework/security/spring-security-config/6.1.2/spring-security-config-6.1.2.jar:/Users/erastojrdamian/.m2/repository/org/springframework/security/spring-security-web/6.1.2/spring-security-web-6.1.2.jar:/Users/erastojrdamian/.m2/repository/org/springframework/spring-expression/6.0.11/spring-expression-6.0.11.jar:/Users/erastojrdamian/.m2/repository/org/springframework/boot/spring-boot-starter-thymeleaf/3.1.2/spring-boot-starter-thymeleaf-3.1.2.jar:/Users/erastojrdamian/.m2/repository/org/thymeleaf/thymeleaf-spring6/3.1.1.RELEASE/thymeleaf-spring6-3.1.1.RELEASE.jar:/Users/erastojrdamian/.m2/repository/org/thymeleaf/thymeleaf/3.1.1.RELEASE/thymeleaf-3.1.1.RELEASE.jar:/Users/erastojrdamian/.m2/repository/org/attoparser/attoparser/2.0.6.RELEASE/attoparser-2.0.6.RELEASE.jar:/Users/erastojrdamian/.m2/repository/org/unbescape/unbescape/1.1.6.RELEASE/unbescape-1.1.6.RELEASE.jar:/Users/erastojrdamian/.m2/repository/org/springframework/boot/spring-boot-starter-web/3.1.2/spring-boot-starter-web-3.1.2.jar:/Users/erastojrdamian/.m2/repository/org/springframework/boot/spring-boot-starter-json/3.1.2/spring-boot-starter-json-3.1.2.jar:/Users/erastojrdamian/.m2/repository/com/fasterxml/jackson/core/jackson-databind/2.15.2/jackson-databind-2.15.2.jar:/Users/erastojrdamian/.m2/repository/com/fasterxml/jackson/core/jackson-annotations/2.15.2/jackson-annotations-2.15.2.jar:/Users/erastojrdamian/.m2/repository/com/fasterxml/jackson/datatype/jackson-datatype-jdk8/2.15.2/jackson-datatype-jdk8-2.15.2.jar:/Users/erastojrdamian/.m2/repository/com/fasterxml/jackson/datatype/jackson-datatype-jsr310/2.15.2/jackson-datatype-jsr310-2.15.2.jar:/Users/erastojrdamian/.m2/repository/com/fasterxml/jackson/module/jackson-module-parameter-names/2.15.2/jackson-module-parameter-names-2.15.2.jar:/Users/erastojrdamian/.m2/repository/org/springframework/boot/spring-boot-starter-tomcat/3.1.2/spring-boot-starter-tomcat-3.1.2.jar:/Users/erastojrdamian/.m2/repository/org/apache/tomcat/embed/tomcat-embed-core/10.1.11/tomcat-embed-core-10.1.11.jar:/Users/erastojrdamian/.m2/repository/org/apache/tomcat/embed/tomcat-embed-websocket/10.1.11/tomcat-embed-websocket-10.1.11.jar:/Users/erastojrdamian/.m2/repository/org/springframework/spring-web/6.0.11/spring-web-6.0.11.jar:/Users/erastojrdamian/.m2/repository/io/micrometer/micrometer-observation/1.11.2/micrometer-observation-1.11.2.jar:/Users/erastojrdamian/.m2/repository/io/micrometer/micrometer-commons/1.11.2/micrometer-commons-1.11.2.jar:/Users/erastojrdamian/.m2/repository/org/springframework/spring-webmvc/6.0.11/spring-webmvc-6.0.11.jar:/Users/erastojrdamian/.m2/repository/org/thymeleaf/extras/thymeleaf-extras-springsecurity6/3.1.1.RELEASE/thymeleaf-extras-springsecurity6-3.1.1.RELEASE.jar:/Users/erastojrdamian/.m2/repository/org/slf4j/slf4j-api/2.0.7/slf4j-api-2.0.7.jar:/Users/erastojrdamian/.m2/repository/com/mysql/mysql-connector-j/8.0.33/mysql-connector-j-8.0.33.jar:/Users/erastojrdamian/.m2/repository/org/projectlombok/lombok/1.18.28/lombok-1.18.28.jar:/Users/erastojrdamian/.m2/repository/org/modelmapper/modelmapper/3.1.1/modelmapper-3.1.1.jar:/Users/erastojrdamian/.m2/repository/com/fasterxml/jackson/core/jackson-core/2.15.2/jackson-core-2.15.2.jar:/Users/erastojrdamian/.m2/repository/org/springframework/boot/spring-boot-starter-test/3.1.2/spring-boot-starter-test-3.1.2.jar:/Users/erastojrdamian/.m2/repository/org/springframework/boot/spring-boot-test/3.1.2/spring-boot-test-3.1.2.jar:/Users/erastojrdamian/.m2/repository/org/springframework/boot/spring-boot-test-autoconfigure/3.1.2/spring-boot-test-autoconfigure-3.1.2.jar:/Users/erastojrdamian/.m2/repository/com/jayway/jsonpath/json-path/2.8.0/json-path-2.8.0.jar:/Users/erastojrdamian/.m2/repository/jakarta/xml/bind/jakarta.xml.bind-api/4.0.0/jakarta.xml.bind-api-4.0.0.jar:/Users/erastojrdamian/.m2/repository/jakarta/activation/jakarta.activation-api/2.1.2/jakarta.activation-api-2.1.2.jar:/Users/erastojrdamian/.m2/repository/net/minidev/json-smart/2.4.11/json-smart-2.4.11.jar:/Users/erastojrdamian/.m2/repository/net/minidev/accessors-smart/2.4.11/accessors-smart-2.4.11.jar:/Users/erastojrdamian/.m2/repository/org/ow2/asm/asm/9.3/asm-9.3.jar:/Users/erastojrdamian/.m2/repository/org/assertj/assertj-core/3.24.2/assertj-core-3.24.2.jar:/Users/erastojrdamian/.m2/repository/org/hamcrest/hamcrest/2.2/hamcrest-2.2.jar:/Users/erastojrdamian/.m2/repository/org/junit/jupiter/junit-jupiter/5.9.3/junit-jupiter-5.9.3.jar:/Users/erastojrdamian/.m2/repository/org/junit/jupiter/junit-jupiter-api/5.9.3/junit-jupiter-api-5.9.3.jar:/Users/erastojrdamian/.m2/repository/org/opentest4j/opentest4j/1.2.0/opentest4j-1.2.0.jar:/Users/erastojrdamian/.m2/repository/org/junit/platform/junit-platform-commons/1.9.3/junit-platform-commons-1.9.3.jar:/Users/erastojrdamian/.m2/repository/org/apiguardian/apiguardian-api/1.1.2/apiguardian-api-1.1.2.jar:/Users/erastojrdamian/.m2/repository/org/junit/jupiter/junit-jupiter-params/5.9.3/junit-jupiter-params-5.9.3.jar:/Users/erastojrdamian/.m2/repository/org/junit/jupiter/junit-jupiter-engine/5.9.3/junit-jupiter-engine-5.9.3.jar:/Users/erastojrdamian/.m2/repository/org/junit/platform/junit-platform-engine/1.9.3/junit-platform-engine-1.9.3.jar:/Users/erastojrdamian/.m2/repository/org/mockito/mockito-core/5.3.1/mockito-core-5.3.1.jar:/Users/erastojrdamian/.m2/repository/net/bytebuddy/byte-buddy-agent/1.14.5/byte-buddy-agent-1.14.5.jar:/Users/erastojrdamian/.m2/repository/org/objenesis/objenesis/3.3/objenesis-3.3.jar:/Users/erastojrdamian/.m2/repository/org/mockito/mockito-junit-jupiter/5.3.1/mockito-junit-jupiter-5.3.1.jar:/Users/erastojrdamian/.m2/repository/org/skyscreamer/jsonassert/1.5.1/jsonassert-1.5.1.jar:/Users/erastojrdamian/.m2/repository/com/vaadin/external/google/android-json/0.0.20131108.vaadin1/android-json-0.0.20131108.vaadin1.jar:/Users/erastojrdamian/.m2/repository/org/springframework/spring-core/6.0.11/spring-core-6.0.11.jar:/Users/erastojrdamian/.m2/repository/org/springframework/spring-jcl/6.0.11/spring-jcl-6.0.11.jar:/Users/erastojrdamian/.m2/repository/org/springframework/spring-test/6.0.11/spring-test-6.0.11.jar:/Users/erastojrdamian/.m2/repository/org/xmlunit/xmlunit-core/2.9.1/xmlunit-core-2.9.1.jar:/Users/erastojrdamian/.m2/repository/org/springframework/security/spring-security-test/6.1.2/spring-security-test-6.1.2.jar:/Users/erastojrdamian/.m2/repository/org/springframework/security/spring-security-core/6.1.2/spring-security-core-6.1.2.jar:/Users/erastojrdamian/.m2/repository/org/springframework/security/spring-security-crypto/6.1.2/spring-security-crypto-6.1.2.jar:/Users/erastojrdamian/.m2/repository/org/springframework/boot/spring-boot-starter-validation/3.1.2/spring-boot-starter-validation-3.1.2.jar:/Users/erastojrdamian/.m2/repository/org/apache/tomcat/embed/tomcat-embed-el/10.1.11/tomcat-embed-el-10.1.11.jar:/Users/erastojrdamian/.m2/repository/org/hibernate/validator/hibernate-validator/8.0.1.Final/hibernate-validator-8.0.1.Final.jar:/Users/erastojrdamian/.m2/repository/jakarta/validation/jakarta.validation-api/3.0.2/jakarta.validation-api-3.0.2.jar:"/>
    <property name="sun.cpu.endian" value="little"/>
    <property name="user.home" value="/Users/erastojrdamian"/>
    <property name="user.language" value="en"/>
    <property name="java.specification.vendor" value="Oracle Corporation"/>
    <property name="java.version.date" value="2023-07-18"/>
    <property name="java.home" value="/Applications/IntelliJ IDEA.app/Contents/jbr/Contents/Home"/>
    <property name="file.separator" value="/"/>
    <property name="basedir" value="/Users/erastojrdamian/Desktop/Secure-Rise/SecureRise"/>
    <property name="java.vm.compressedOopsMode" value="Zero based"/>
    <property name="line.separator" value="&#10;"/>
    <property name="java.vm.specification.vendor" value="Oracle Corporation"/>
    <property name="java.specification.name" value="Java Platform API Specification"/>
    <property name="jbr.virtualization.information" value="No virtualization detected"/>
    <property name="surefire.real.class.path" value="/Users/erastojrdamian/Desktop/Secure-Rise/SecureRise/target/surefire/surefirebooter-20230922120705405_3.jar"/>
    <property name="sun.management.compiler" value="HotSpot 64-Bit Tiered Compilers"/>
    <property name="ftp.nonProxyHosts" value="local|*.local|169.254/16|*.169.254/16"/>
    <property name="java.runtime.version" value="17.0.8+7-b1000.22"/>
    <property name="user.name" value="erastojrdamian"/>
    <property name="path.separator" value=":"/>
    <property name="os.version" value="14.0"/>
    <property name="java.runtime.name" value="OpenJDK Runtime Environment"/>
    <property name="file.encoding" value="UTF-8"/>
    <property name="java.vm.name" value="OpenJDK 64-Bit Server VM"/>
    <property name="java.vendor.version" value="JBR-17.0.8+7-1000.22-jcef"/>
    <property name="localRepository" value="/Users/erastojrdamian/.m2/repository"/>
    <property name="java.vendor.url.bug" value="https://bugreport.java.com/bugreport/"/>
    <property name="java.io.tmpdir" value="/var/folders/1z/mfsskgf908l4zzrs31wg6g7m0000gn/T/"/>
    <property name="idea.version" value="2023.2.2"/>
    <property name="java.version" value="17.0.8"/>
    <property name="user.dir" value="/Users/erastojrdamian/Desktop/Secure-Rise/SecureRise"/>
    <property name="os.arch" value="aarch64"/>
    <property name="java.vm.specification.name" value="Java Virtual Machine Specification"/>
    <property name="native.encoding" value="UTF-8"/>
    <property name="java.library.path" value="/Users/erastojrdamian/Library/Java/Extensions:/Library/Java/Extensions:/Network/Library/Java/Extensions:/System/Library/Java/Extensions:/usr/lib/java:."/>
    <property name="java.vm.info" value="mixed mode"/>
    <property name="java.vendor" value="JetBrains s.r.o."/>
    <property name="java.vm.version" value="17.0.8+7-b1000.22"/>
    <property name="sun.io.unicode.encoding" value="UnicodeBig"/>
    <property name="socksNonProxyHosts" value="local|*.local|169.254/16|*.169.254/16"/>
    <property name="java.class.version" value="61.0"/>
  </properties>
  <testcase name="setStartingTime" classname="com.example.securerise.dto.AlarmDTOTest" time="0.007"/>
  <testcase name="isPlayingSound(AlarmDTO)[1]" classname="com.example.securerise.dto.AlarmDTOTest" time="0.006"/>
  <testcase name="getAlarmSound(AlarmDTO)[1]" classname="com.example.securerise.dto.AlarmDTOTest" time="0.002"/>
  <testcase name="getAlarmName(AlarmDTO)[1]" classname="com.example.securerise.dto.AlarmDTOTest" time="0"/>
  <testcase name="setAlarmSound" classname="com.example.securerise.dto.AlarmDTOTest" time="0"/>
  <testcase name="getId(AlarmDTO)[1]" classname="com.example.securerise.dto.AlarmDTOTest" time="0"/>
  <testcase name="setId" classname="com.example.securerise.dto.AlarmDTOTest" time="0"/>
  <testcase name="setAlarmName" classname="com.example.securerise.dto.AlarmDTOTest" time="0"/>
  <testcase name="setEnabled" classname="com.example.securerise.dto.AlarmDTOTest" time="0.001"/>
  <testcase name="getStartingTime(AlarmDTO)[1]" classname="com.example.securerise.dto.AlarmDTOTest" time="0.001"/>
  <testcase name="setPlayingSound" classname="com.example.securerise.dto.AlarmDTOTest" time="0.001"/>
  <testcase name="isEnabled" classname="com.example.securerise.dto.AlarmDTOTest" time="0"/>
</testsuite>